[INFO] Current vec len 100:
output in /var/tmp/vectors/1b100d_vectors_e10
Starting eval...
capital-common-countries:
ACCURACY TOP1: 10.28 %  (52 / 506)
Total accuracy: 10.28 %   Semantic accuracy: 10.28 %   Syntactic accuracy: -nan % 
capital-world:
ACCURACY TOP1: 5.25 %  (187 / 3564)
Total accuracy: 5.87 %   Semantic accuracy: 5.87 %   Syntactic accuracy: -nan % 
currency:
ACCURACY TOP1: 0.34 %  (2 / 596)
Total accuracy: 5.17 %   Semantic accuracy: 5.17 %   Syntactic accuracy: -nan % 
city-in-state:
ACCURACY TOP1: 6.14 %  (143 / 2330)
Total accuracy: 5.49 %   Semantic accuracy: 5.49 %   Syntactic accuracy: -nan % 
family:
ACCURACY TOP1: 5.24 %  (22 / 420)
Total accuracy: 5.47 %   Semantic accuracy: 5.47 %   Syntactic accuracy: -nan % 
gram1-adjective-to-adverb:
ACCURACY TOP1: 2.72 %  (27 / 992)
Total accuracy: 5.15 %   Semantic accuracy: 5.47 %   Syntactic accuracy: 2.72 % 
gram2-opposite:
ACCURACY TOP1: 1.85 %  (14 / 756)
Total accuracy: 4.88 %   Semantic accuracy: 5.47 %   Syntactic accuracy: 2.35 % 
gram3-comparative:
ACCURACY TOP1: 5.48 %  (73 / 1332)
Total accuracy: 4.95 %   Semantic accuracy: 5.47 %   Syntactic accuracy: 3.70 % 
gram4-superlative:
ACCURACY TOP1: 0.60 %  (6 / 992)
Total accuracy: 4.58 %   Semantic accuracy: 5.47 %   Syntactic accuracy: 2.95 % 
gram5-present-participle:
ACCURACY TOP1: 2.84 %  (30 / 1056)
Total accuracy: 4.43 %   Semantic accuracy: 5.47 %   Syntactic accuracy: 2.93 % 
gram6-nationality-adjective:
ACCURACY TOP1: 7.89 %  (120 / 1521)
Total accuracy: 4.81 %   Semantic accuracy: 5.47 %   Syntactic accuracy: 4.06 % 
gram7-past-tense:
ACCURACY TOP1: 5.06 %  (79 / 1560)
Total accuracy: 4.83 %   Semantic accuracy: 5.47 %   Syntactic accuracy: 4.25 % 
gram8-plural:
ACCURACY TOP1: 10.51 %  (140 / 1332)
Total accuracy: 5.28 %   Semantic accuracy: 5.47 %   Syntactic accuracy: 5.13 % 
gram9-plural-verbs:
ACCURACY TOP1: 2.99 %  (26 / 870)
Total accuracy: 5.17 %   Semantic accuracy: 5.47 %   Syntactic accuracy: 4.95 % 
Questions seen / total: 17827 19544   91.21 % 
[INFO] Current vec len 120:
output in /var/tmp/vectors/1b120d_vectors_e10
Starting eval...
capital-common-countries:
ACCURACY TOP1: 20.16 %  (102 / 506)
Total accuracy: 20.16 %   Semantic accuracy: 20.16 %   Syntactic accuracy: -nan % 
capital-world:
ACCURACY TOP1: 8.11 %  (289 / 3564)
Total accuracy: 9.61 %   Semantic accuracy: 9.61 %   Syntactic accuracy: -nan % 
currency:
ACCURACY TOP1: 1.68 %  (10 / 596)
Total accuracy: 8.59 %   Semantic accuracy: 8.59 %   Syntactic accuracy: -nan % 
city-in-state:
ACCURACY TOP1: 8.03 %  (187 / 2330)
Total accuracy: 8.40 %   Semantic accuracy: 8.40 %   Syntactic accuracy: -nan % 
family:
ACCURACY TOP1: 17.38 %  (73 / 420)
Total accuracy: 8.91 %   Semantic accuracy: 8.91 %   Syntactic accuracy: -nan % 
gram1-adjective-to-adverb:
ACCURACY TOP1: 4.84 %  (48 / 992)
Total accuracy: 8.43 %   Semantic accuracy: 8.91 %   Syntactic accuracy: 4.84 % 
gram2-opposite:
ACCURACY TOP1: 1.72 %  (13 / 756)
Total accuracy: 7.88 %   Semantic accuracy: 8.91 %   Syntactic accuracy: 3.49 % 
gram3-comparative:
ACCURACY TOP1: 11.56 %  (154 / 1332)
Total accuracy: 8.35 %   Semantic accuracy: 8.91 %   Syntactic accuracy: 6.98 % 
gram4-superlative:
ACCURACY TOP1: 1.01 %  (10 / 992)
Total accuracy: 7.71 %   Semantic accuracy: 8.91 %   Syntactic accuracy: 5.53 % 
gram5-present-participle:
ACCURACY TOP1: 4.73 %  (50 / 1056)
Total accuracy: 7.46 %   Semantic accuracy: 8.91 %   Syntactic accuracy: 5.36 % 
gram6-nationality-adjective:
ACCURACY TOP1: 14.79 %  (225 / 1521)
Total accuracy: 8.25 %   Semantic accuracy: 8.91 %   Syntactic accuracy: 7.52 % 
gram7-past-tense:
ACCURACY TOP1: 8.59 %  (134 / 1560)
Total accuracy: 8.29 %   Semantic accuracy: 8.91 %   Syntactic accuracy: 7.72 % 
gram8-plural:
ACCURACY TOP1: 12.24 %  (163 / 1332)
Total accuracy: 8.60 %   Semantic accuracy: 8.91 %   Syntactic accuracy: 8.35 % 
gram9-plural-verbs:
ACCURACY TOP1: 2.76 %  (24 / 870)
Total accuracy: 8.31 %   Semantic accuracy: 8.91 %   Syntactic accuracy: 7.89 % 
Questions seen / total: 17827 19544   91.21 % 
[INFO] Current vec len 140:
output in /var/tmp/vectors/1b140d_vectors_e10
Starting eval...
capital-common-countries:
ACCURACY TOP1: 30.04 %  (152 / 506)
Total accuracy: 30.04 %   Semantic accuracy: 30.04 %   Syntactic accuracy: -nan % 
capital-world:
ACCURACY TOP1: 13.52 %  (482 / 3564)
Total accuracy: 15.58 %   Semantic accuracy: 15.58 %   Syntactic accuracy: -nan % 
currency:
ACCURACY TOP1: 1.68 %  (10 / 596)
Total accuracy: 13.80 %   Semantic accuracy: 13.80 %   Syntactic accuracy: -nan % 
city-in-state:
ACCURACY TOP1: 10.34 %  (241 / 2330)
Total accuracy: 12.65 %   Semantic accuracy: 12.65 %   Syntactic accuracy: -nan % 
family:
ACCURACY TOP1: 19.05 %  (80 / 420)
Total accuracy: 13.01 %   Semantic accuracy: 13.01 %   Syntactic accuracy: -nan % 
gram1-adjective-to-adverb:
ACCURACY TOP1: 2.12 %  (21 / 992)
Total accuracy: 11.73 %   Semantic accuracy: 13.01 %   Syntactic accuracy: 2.12 % 
gram2-opposite:
ACCURACY TOP1: 3.17 %  (24 / 756)
Total accuracy: 11.02 %   Semantic accuracy: 13.01 %   Syntactic accuracy: 2.57 % 
gram3-comparative:
ACCURACY TOP1: 8.18 %  (109 / 1332)
Total accuracy: 10.66 %   Semantic accuracy: 13.01 %   Syntactic accuracy: 5.00 % 
gram4-superlative:
ACCURACY TOP1: 1.71 %  (17 / 992)
Total accuracy: 9.89 %   Semantic accuracy: 13.01 %   Syntactic accuracy: 4.20 % 
gram5-present-participle:
ACCURACY TOP1: 7.20 %  (76 / 1056)
Total accuracy: 9.66 %   Semantic accuracy: 13.01 %   Syntactic accuracy: 4.82 % 
gram6-nationality-adjective:
ACCURACY TOP1: 22.95 %  (349 / 1521)
Total accuracy: 11.10 %   Semantic accuracy: 13.01 %   Syntactic accuracy: 8.96 % 
gram7-past-tense:
ACCURACY TOP1: 10.58 %  (165 / 1560)
Total accuracy: 11.05 %   Semantic accuracy: 13.01 %   Syntactic accuracy: 9.27 % 
gram8-plural:
ACCURACY TOP1: 18.24 %  (243 / 1332)
Total accuracy: 11.61 %   Semantic accuracy: 13.01 %   Syntactic accuracy: 10.52 % 
gram9-plural-verbs:
ACCURACY TOP1: 3.79 %  (33 / 870)
Total accuracy: 11.23 %   Semantic accuracy: 13.01 %   Syntactic accuracy: 9.96 % 
Questions seen / total: 17827 19544   91.21 % 
[INFO] Current vec len 160:
output in /var/tmp/vectors/1b160d_vectors_e10
Starting eval...
capital-common-countries:
ACCURACY TOP1: 34.58 %  (175 / 506)
Total accuracy: 34.58 %   Semantic accuracy: 34.58 %   Syntactic accuracy: -nan % 
capital-world:
ACCURACY TOP1: 16.02 %  (571 / 3564)
Total accuracy: 18.33 %   Semantic accuracy: 18.33 %   Syntactic accuracy: -nan % 
currency:
ACCURACY TOP1: 1.17 %  (7 / 596)
Total accuracy: 16.14 %   Semantic accuracy: 16.14 %   Syntactic accuracy: -nan % 
city-in-state:
ACCURACY TOP1: 15.97 %  (372 / 2330)
Total accuracy: 16.08 %   Semantic accuracy: 16.08 %   Syntactic accuracy: -nan % 
family:
ACCURACY TOP1: 15.95 %  (67 / 420)
Total accuracy: 16.07 %   Semantic accuracy: 16.07 %   Syntactic accuracy: -nan % 
gram1-adjective-to-adverb:
ACCURACY TOP1: 5.85 %  (58 / 992)
Total accuracy: 14.87 %   Semantic accuracy: 16.07 %   Syntactic accuracy: 5.85 % 
gram2-opposite:
ACCURACY TOP1: 2.38 %  (18 / 756)
Total accuracy: 13.84 %   Semantic accuracy: 16.07 %   Syntactic accuracy: 4.35 % 
gram3-comparative:
ACCURACY TOP1: 11.34 %  (151 / 1332)
Total accuracy: 13.52 %   Semantic accuracy: 16.07 %   Syntactic accuracy: 7.37 % 
gram4-superlative:
ACCURACY TOP1: 2.22 %  (22 / 992)
Total accuracy: 12.54 %   Semantic accuracy: 16.07 %   Syntactic accuracy: 6.11 % 
gram5-present-participle:
ACCURACY TOP1: 5.78 %  (61 / 1056)
Total accuracy: 11.97 %   Semantic accuracy: 16.07 %   Syntactic accuracy: 6.05 % 
gram6-nationality-adjective:
ACCURACY TOP1: 25.77 %  (392 / 1521)
Total accuracy: 13.47 %   Semantic accuracy: 16.07 %   Syntactic accuracy: 10.56 % 
gram7-past-tense:
ACCURACY TOP1: 14.17 %  (221 / 1560)
Total accuracy: 13.54 %   Semantic accuracy: 16.07 %   Syntactic accuracy: 11.24 % 
gram8-plural:
ACCURACY TOP1: 21.55 %  (287 / 1332)
Total accuracy: 14.17 %   Semantic accuracy: 16.07 %   Syntactic accuracy: 12.68 % 
gram9-plural-verbs:
ACCURACY TOP1: 5.52 %  (48 / 870)
Total accuracy: 13.74 %   Semantic accuracy: 16.07 %   Syntactic accuracy: 12.08 % 
Questions seen / total: 17827 19544   91.21 % 
[INFO] Current vec len 180:
output in /var/tmp/vectors/1b180d_vectors_e10
Starting eval...
capital-common-countries:
ACCURACY TOP1: 35.97 %  (182 / 506)
Total accuracy: 35.97 %   Semantic accuracy: 35.97 %   Syntactic accuracy: -nan % 
capital-world:
ACCURACY TOP1: 17.00 %  (606 / 3564)
Total accuracy: 19.36 %   Semantic accuracy: 19.36 %   Syntactic accuracy: -nan % 
currency:
ACCURACY TOP1: 0.50 %  (3 / 596)
Total accuracy: 16.95 %   Semantic accuracy: 16.95 %   Syntactic accuracy: -nan % 
city-in-state:
ACCURACY TOP1: 17.08 %  (398 / 2330)
Total accuracy: 17.00 %   Semantic accuracy: 17.00 %   Syntactic accuracy: -nan % 
family:
ACCURACY TOP1: 26.67 %  (112 / 420)
Total accuracy: 17.54 %   Semantic accuracy: 17.54 %   Syntactic accuracy: -nan % 
gram1-adjective-to-adverb:
ACCURACY TOP1: 6.15 %  (61 / 992)
Total accuracy: 16.20 %   Semantic accuracy: 17.54 %   Syntactic accuracy: 6.15 % 
gram2-opposite:
ACCURACY TOP1: 5.29 %  (40 / 756)
Total accuracy: 15.30 %   Semantic accuracy: 17.54 %   Syntactic accuracy: 5.78 % 
gram3-comparative:
ACCURACY TOP1: 11.34 %  (151 / 1332)
Total accuracy: 14.80 %   Semantic accuracy: 17.54 %   Syntactic accuracy: 8.18 % 
gram4-superlative:
ACCURACY TOP1: 2.32 %  (23 / 992)
Total accuracy: 13.72 %   Semantic accuracy: 17.54 %   Syntactic accuracy: 6.75 % 
gram5-present-participle:
ACCURACY TOP1: 11.84 %  (125 / 1056)
Total accuracy: 13.56 %   Semantic accuracy: 17.54 %   Syntactic accuracy: 7.80 % 
gram6-nationality-adjective:
ACCURACY TOP1: 32.15 %  (489 / 1521)
Total accuracy: 15.57 %   Semantic accuracy: 17.54 %   Syntactic accuracy: 13.37 % 
gram7-past-tense:
ACCURACY TOP1: 9.81 %  (153 / 1560)
Total accuracy: 15.00 %   Semantic accuracy: 17.54 %   Syntactic accuracy: 12.69 % 
gram8-plural:
ACCURACY TOP1: 20.87 %  (278 / 1332)
Total accuracy: 15.46 %   Semantic accuracy: 17.54 %   Syntactic accuracy: 13.84 % 
gram9-plural-verbs:
ACCURACY TOP1: 6.67 %  (58 / 870)
Total accuracy: 15.03 %   Semantic accuracy: 17.54 %   Syntactic accuracy: 13.24 % 
Questions seen / total: 17827 19544   91.21 % 
[INFO] Current vec len 200:
output in /var/tmp/vectors/1b200d_vectors_e10
Starting eval...
capital-common-countries:
ACCURACY TOP1: 32.41 %  (164 / 506)
Total accuracy: 32.41 %   Semantic accuracy: 32.41 %   Syntactic accuracy: -nan % 
capital-world:
ACCURACY TOP1: 19.95 %  (711 / 3564)
Total accuracy: 21.50 %   Semantic accuracy: 21.50 %   Syntactic accuracy: -nan % 
currency:
ACCURACY TOP1: 1.68 %  (10 / 596)
Total accuracy: 18.97 %   Semantic accuracy: 18.97 %   Syntactic accuracy: -nan % 
city-in-state:
ACCURACY TOP1: 20.04 %  (467 / 2330)
Total accuracy: 19.33 %   Semantic accuracy: 19.33 %   Syntactic accuracy: -nan % 
family:
ACCURACY TOP1: 21.67 %  (91 / 420)
Total accuracy: 19.46 %   Semantic accuracy: 19.46 %   Syntactic accuracy: -nan % 
gram1-adjective-to-adverb:
ACCURACY TOP1: 3.12 %  (31 / 992)
Total accuracy: 17.53 %   Semantic accuracy: 19.46 %   Syntactic accuracy: 3.12 % 
gram2-opposite:
ACCURACY TOP1: 4.10 %  (31 / 756)
Total accuracy: 16.42 %   Semantic accuracy: 19.46 %   Syntactic accuracy: 3.55 % 
gram3-comparative:
ACCURACY TOP1: 14.64 %  (195 / 1332)
Total accuracy: 16.20 %   Semantic accuracy: 19.46 %   Syntactic accuracy: 8.34 % 
gram4-superlative:
ACCURACY TOP1: 4.33 %  (43 / 992)
Total accuracy: 15.17 %   Semantic accuracy: 19.46 %   Syntactic accuracy: 7.37 % 
gram5-present-participle:
ACCURACY TOP1: 13.16 %  (139 / 1056)
Total accuracy: 15.00 %   Semantic accuracy: 19.46 %   Syntactic accuracy: 8.56 % 
gram6-nationality-adjective:
ACCURACY TOP1: 36.95 %  (562 / 1521)
Total accuracy: 17.38 %   Semantic accuracy: 19.46 %   Syntactic accuracy: 15.05 % 
gram7-past-tense:
ACCURACY TOP1: 11.35 %  (177 / 1560)
Total accuracy: 16.77 %   Semantic accuracy: 19.46 %   Syntactic accuracy: 14.35 % 
gram8-plural:
ACCURACY TOP1: 21.32 %  (284 / 1332)
Total accuracy: 17.13 %   Semantic accuracy: 19.46 %   Syntactic accuracy: 15.32 % 
gram9-plural-verbs:
ACCURACY TOP1: 5.52 %  (48 / 870)
Total accuracy: 16.56 %   Semantic accuracy: 19.46 %   Syntactic accuracy: 14.50 % 
Questions seen / total: 17827 19544   91.21 % 
[INFO] Current vec len 220:
output in /var/tmp/vectors/1b220d_vectors_e10
Starting eval...
capital-common-countries:
ACCURACY TOP1: 45.26 %  (229 / 506)
Total accuracy: 45.26 %   Semantic accuracy: 45.26 %   Syntactic accuracy: -nan % 
capital-world:
ACCURACY TOP1: 25.62 %  (913 / 3564)
Total accuracy: 28.06 %   Semantic accuracy: 28.06 %   Syntactic accuracy: -nan % 
currency:
ACCURACY TOP1: 3.86 %  (23 / 596)
Total accuracy: 24.97 %   Semantic accuracy: 24.97 %   Syntactic accuracy: -nan % 
city-in-state:
ACCURACY TOP1: 27.90 %  (650 / 2330)
Total accuracy: 25.94 %   Semantic accuracy: 25.94 %   Syntactic accuracy: -nan % 
family:
ACCURACY TOP1: 30.24 %  (127 / 420)
Total accuracy: 26.19 %   Semantic accuracy: 26.19 %   Syntactic accuracy: -nan % 
gram1-adjective-to-adverb:
ACCURACY TOP1: 3.93 %  (39 / 992)
Total accuracy: 23.56 %   Semantic accuracy: 26.19 %   Syntactic accuracy: 3.93 % 
gram2-opposite:
ACCURACY TOP1: 2.91 %  (22 / 756)
Total accuracy: 21.86 %   Semantic accuracy: 26.19 %   Syntactic accuracy: 3.49 % 
gram3-comparative:
ACCURACY TOP1: 13.66 %  (182 / 1332)
Total accuracy: 20.82 %   Semantic accuracy: 26.19 %   Syntactic accuracy: 7.89 % 
gram4-superlative:
ACCURACY TOP1: 3.12 %  (31 / 992)
Total accuracy: 19.29 %   Semantic accuracy: 26.19 %   Syntactic accuracy: 6.73 % 
gram5-present-participle:
ACCURACY TOP1: 11.74 %  (124 / 1056)
Total accuracy: 18.65 %   Semantic accuracy: 26.19 %   Syntactic accuracy: 7.76 % 
gram6-nationality-adjective:
ACCURACY TOP1: 35.17 %  (535 / 1521)
Total accuracy: 20.44 %   Semantic accuracy: 26.19 %   Syntactic accuracy: 14.03 % 
gram7-past-tense:
ACCURACY TOP1: 13.85 %  (216 / 1560)
Total accuracy: 19.78 %   Semantic accuracy: 26.19 %   Syntactic accuracy: 14.00 % 
gram8-plural:
ACCURACY TOP1: 26.88 %  (358 / 1332)
Total accuracy: 20.34 %   Semantic accuracy: 26.19 %   Syntactic accuracy: 15.79 % 
gram9-plural-verbs:
ACCURACY TOP1: 9.08 %  (79 / 870)
Total accuracy: 19.79 %   Semantic accuracy: 26.19 %   Syntactic accuracy: 15.23 % 
Questions seen / total: 17827 19544   91.21 % 
[INFO] Current vec len 240:
output in /var/tmp/vectors/1b240d_vectors_e10
Starting eval...
capital-common-countries:
ACCURACY TOP1: 46.84 %  (237 / 506)
Total accuracy: 46.84 %   Semantic accuracy: 46.84 %   Syntactic accuracy: -nan % 
capital-world:
ACCURACY TOP1: 25.56 %  (911 / 3564)
Total accuracy: 28.21 %   Semantic accuracy: 28.21 %   Syntactic accuracy: -nan % 
currency:
ACCURACY TOP1: 1.85 %  (11 / 596)
Total accuracy: 24.84 %   Semantic accuracy: 24.84 %   Syntactic accuracy: -nan % 
city-in-state:
ACCURACY TOP1: 27.00 %  (629 / 2330)
Total accuracy: 25.56 %   Semantic accuracy: 25.56 %   Syntactic accuracy: -nan % 
family:
ACCURACY TOP1: 27.62 %  (116 / 420)
Total accuracy: 25.67 %   Semantic accuracy: 25.67 %   Syntactic accuracy: -nan % 
gram1-adjective-to-adverb:
ACCURACY TOP1: 5.14 %  (51 / 992)
Total accuracy: 23.25 %   Semantic accuracy: 25.67 %   Syntactic accuracy: 5.14 % 
gram2-opposite:
ACCURACY TOP1: 5.42 %  (41 / 756)
Total accuracy: 21.78 %   Semantic accuracy: 25.67 %   Syntactic accuracy: 5.26 % 
gram3-comparative:
ACCURACY TOP1: 14.04 %  (187 / 1332)
Total accuracy: 20.80 %   Semantic accuracy: 25.67 %   Syntactic accuracy: 9.06 % 
gram4-superlative:
ACCURACY TOP1: 3.53 %  (35 / 992)
Total accuracy: 19.31 %   Semantic accuracy: 25.67 %   Syntactic accuracy: 7.71 % 
gram5-present-participle:
ACCURACY TOP1: 12.31 %  (130 / 1056)
Total accuracy: 18.72 %   Semantic accuracy: 25.67 %   Syntactic accuracy: 8.66 % 
gram6-nationality-adjective:
ACCURACY TOP1: 40.96 %  (623 / 1521)
Total accuracy: 21.12 %   Semantic accuracy: 25.67 %   Syntactic accuracy: 16.05 % 
gram7-past-tense:
ACCURACY TOP1: 13.59 %  (212 / 1560)
Total accuracy: 20.37 %   Semantic accuracy: 25.67 %   Syntactic accuracy: 15.58 % 
gram8-plural:
ACCURACY TOP1: 30.86 %  (411 / 1332)
Total accuracy: 21.19 %   Semantic accuracy: 25.67 %   Syntactic accuracy: 17.71 % 
gram9-plural-verbs:
ACCURACY TOP1: 7.24 %  (63 / 870)
Total accuracy: 20.51 %   Semantic accuracy: 25.67 %   Syntactic accuracy: 16.84 % 
Questions seen / total: 17827 19544   91.21 % 
[INFO] Current vec len 260:
output in /var/tmp/vectors/1b260d_vectors_e10
Starting eval...
capital-common-countries:
ACCURACY TOP1: 46.44 %  (235 / 506)
Total accuracy: 46.44 %   Semantic accuracy: 46.44 %   Syntactic accuracy: -nan % 
capital-world:
ACCURACY TOP1: 26.68 %  (951 / 3564)
Total accuracy: 29.14 %   Semantic accuracy: 29.14 %   Syntactic accuracy: -nan % 
currency:
ACCURACY TOP1: 1.51 %  (9 / 596)
Total accuracy: 25.61 %   Semantic accuracy: 25.61 %   Syntactic accuracy: -nan % 
city-in-state:
ACCURACY TOP1: 26.22 %  (611 / 2330)
Total accuracy: 25.81 %   Semantic accuracy: 25.81 %   Syntactic accuracy: -nan % 
family:
ACCURACY TOP1: 31.19 %  (131 / 420)
Total accuracy: 26.12 %   Semantic accuracy: 26.12 %   Syntactic accuracy: -nan % 
gram1-adjective-to-adverb:
ACCURACY TOP1: 3.93 %  (39 / 992)
Total accuracy: 23.50 %   Semantic accuracy: 26.12 %   Syntactic accuracy: 3.93 % 
gram2-opposite:
ACCURACY TOP1: 3.84 %  (29 / 756)
Total accuracy: 21.88 %   Semantic accuracy: 26.12 %   Syntactic accuracy: 3.89 % 
gram3-comparative:
ACCURACY TOP1: 14.34 %  (191 / 1332)
Total accuracy: 20.92 %   Semantic accuracy: 26.12 %   Syntactic accuracy: 8.41 % 
gram4-superlative:
ACCURACY TOP1: 5.54 %  (55 / 992)
Total accuracy: 19.59 %   Semantic accuracy: 26.12 %   Syntactic accuracy: 7.71 % 
gram5-present-participle:
ACCURACY TOP1: 12.12 %  (128 / 1056)
Total accuracy: 18.97 %   Semantic accuracy: 26.12 %   Syntactic accuracy: 8.62 % 
gram6-nationality-adjective:
ACCURACY TOP1: 43.59 %  (663 / 1521)
Total accuracy: 21.63 %   Semantic accuracy: 26.12 %   Syntactic accuracy: 16.62 % 
gram7-past-tense:
ACCURACY TOP1: 12.63 %  (197 / 1560)
Total accuracy: 20.73 %   Semantic accuracy: 26.12 %   Syntactic accuracy: 15.86 % 
gram8-plural:
ACCURACY TOP1: 30.56 %  (407 / 1332)
Total accuracy: 21.50 %   Semantic accuracy: 26.12 %   Syntactic accuracy: 17.91 % 
gram9-plural-verbs:
ACCURACY TOP1: 12.18 %  (106 / 870)
Total accuracy: 21.05 %   Semantic accuracy: 26.12 %   Syntactic accuracy: 17.43 % 
Questions seen / total: 17827 19544   91.21 % 
[INFO] Current vec len 280:
output in /var/tmp/vectors/1b280d_vectors_e10
Starting eval...
capital-common-countries:
ACCURACY TOP1: 53.16 %  (269 / 506)
Total accuracy: 53.16 %   Semantic accuracy: 53.16 %   Syntactic accuracy: -nan % 
capital-world:
ACCURACY TOP1: 27.86 %  (993 / 3564)
Total accuracy: 31.01 %   Semantic accuracy: 31.01 %   Syntactic accuracy: -nan % 
currency:
ACCURACY TOP1: 2.01 %  (12 / 596)
Total accuracy: 27.30 %   Semantic accuracy: 27.30 %   Syntactic accuracy: -nan % 
city-in-state:
ACCURACY TOP1: 29.14 %  (679 / 2330)
Total accuracy: 27.92 %   Semantic accuracy: 27.92 %   Syntactic accuracy: -nan % 
family:
ACCURACY TOP1: 30.95 %  (130 / 420)
Total accuracy: 28.09 %   Semantic accuracy: 28.09 %   Syntactic accuracy: -nan % 
gram1-adjective-to-adverb:
ACCURACY TOP1: 4.84 %  (48 / 992)
Total accuracy: 25.34 %   Semantic accuracy: 28.09 %   Syntactic accuracy: 4.84 % 
gram2-opposite:
ACCURACY TOP1: 3.04 %  (23 / 756)
Total accuracy: 23.51 %   Semantic accuracy: 28.09 %   Syntactic accuracy: 4.06 % 
gram3-comparative:
ACCURACY TOP1: 21.85 %  (291 / 1332)
Total accuracy: 23.29 %   Semantic accuracy: 28.09 %   Syntactic accuracy: 11.75 % 
gram4-superlative:
ACCURACY TOP1: 4.13 %  (41 / 992)
Total accuracy: 21.64 %   Semantic accuracy: 28.09 %   Syntactic accuracy: 9.90 % 
gram5-present-participle:
ACCURACY TOP1: 16.67 %  (176 / 1056)
Total accuracy: 21.22 %   Semantic accuracy: 28.09 %   Syntactic accuracy: 11.29 % 
gram6-nationality-adjective:
ACCURACY TOP1: 45.30 %  (689 / 1521)
Total accuracy: 23.83 %   Semantic accuracy: 28.09 %   Syntactic accuracy: 19.07 % 
gram7-past-tense:
ACCURACY TOP1: 12.82 %  (200 / 1560)
Total accuracy: 22.73 %   Semantic accuracy: 28.09 %   Syntactic accuracy: 17.88 % 
gram8-plural:
ACCURACY TOP1: 35.36 %  (471 / 1332)
Total accuracy: 23.72 %   Semantic accuracy: 28.09 %   Syntactic accuracy: 20.32 % 
gram9-plural-verbs:
ACCURACY TOP1: 10.11 %  (88 / 870)
Total accuracy: 23.05 %   Semantic accuracy: 28.09 %   Syntactic accuracy: 19.47 % 
Questions seen / total: 17827 19544   91.21 % 
[INFO] Current vec len 300:
output in /var/tmp/vectors/1b300d_vectors_e10
Starting eval...
