Starting eval...
capital-common-countries:
ACCURACY TOP1: 22.33 %  (113 / 506)
Total accuracy: 22.33 %   Semantic accuracy: 22.33 %   Syntactic accuracy: -nan % 
capital-world:
ACCURACY TOP1: 8.47 %  (302 / 3564)
Total accuracy: 10.20 %   Semantic accuracy: 10.20 %   Syntactic accuracy: -nan % 
currency:
ACCURACY TOP1: 1.34 %  (8 / 596)
Total accuracy: 9.07 %   Semantic accuracy: 9.07 %   Syntactic accuracy: -nan % 
city-in-state:
ACCURACY TOP1: 13.39 %  (312 / 2330)
Total accuracy: 10.51 %   Semantic accuracy: 10.51 %   Syntactic accuracy: -nan % 
family:
ACCURACY TOP1: 16.90 %  (71 / 420)
Total accuracy: 10.87 %   Semantic accuracy: 10.87 %   Syntactic accuracy: -nan % 
gram1-adjective-to-adverb:
ACCURACY TOP1: 1.61 %  (16 / 992)
Total accuracy: 9.78 %   Semantic accuracy: 10.87 %   Syntactic accuracy: 1.61 % 
gram2-opposite:
ACCURACY TOP1: 1.46 %  (11 / 756)
Total accuracy: 9.09 %   Semantic accuracy: 10.87 %   Syntactic accuracy: 1.54 % 
gram3-comparative:
ACCURACY TOP1: 11.71 %  (156 / 1332)
Total accuracy: 9.42 %   Semantic accuracy: 10.87 %   Syntactic accuracy: 5.94 % 
gram4-superlative:
ACCURACY TOP1: 1.92 %  (19 / 992)
Total accuracy: 8.77 %   Semantic accuracy: 10.87 %   Syntactic accuracy: 4.96 % 
gram5-present-participle:
ACCURACY TOP1: 5.49 %  (58 / 1056)
Total accuracy: 8.50 %   Semantic accuracy: 10.87 %   Syntactic accuracy: 5.07 % 
gram6-nationality-adjective:
ACCURACY TOP1: 29.19 %  (444 / 1521)
Total accuracy: 10.74 %   Semantic accuracy: 10.87 %   Syntactic accuracy: 10.59 % 
gram7-past-tense:
ACCURACY TOP1: 12.76 %  (199 / 1560)
Total accuracy: 10.94 %   Semantic accuracy: 10.87 %   Syntactic accuracy: 11.00 % 
gram8-plural:
ACCURACY TOP1: 12.91 %  (172 / 1332)
Total accuracy: 11.09 %   Semantic accuracy: 10.87 %   Syntactic accuracy: 11.27 % 
gram9-plural-verbs:
ACCURACY TOP1: 3.33 %  (29 / 870)
Total accuracy: 10.71 %   Semantic accuracy: 10.87 %   Syntactic accuracy: 10.60 % 
Questions seen / total: 17827 19544   91.21 % 
