Starting eval...
capital-common-countries:
ACCURACY TOP1: 71.74 %  (363 / 506)
Total accuracy: 71.74 %   Semantic accuracy: 71.74 %   Syntactic accuracy: -nan % 
capital-world:
ACCURACY TOP1: 27.33 %  (974 / 3564)
Total accuracy: 32.85 %   Semantic accuracy: 32.85 %   Syntactic accuracy: -nan % 
currency:
ACCURACY TOP1: 3.19 %  (19 / 596)
Total accuracy: 29.06 %   Semantic accuracy: 29.06 %   Syntactic accuracy: -nan % 
city-in-state:
ACCURACY TOP1: 37.34 %  (870 / 2330)
Total accuracy: 31.82 %   Semantic accuracy: 31.82 %   Syntactic accuracy: -nan % 
family:
ACCURACY TOP1: 43.57 %  (183 / 420)
Total accuracy: 32.48 %   Semantic accuracy: 32.48 %   Syntactic accuracy: -nan % 
gram1-adjective-to-adverb:
ACCURACY TOP1: 3.73 %  (37 / 992)
Total accuracy: 29.09 %   Semantic accuracy: 32.48 %   Syntactic accuracy: 3.73 % 
gram2-opposite:
ACCURACY TOP1: 1.98 %  (15 / 756)
Total accuracy: 26.86 %   Semantic accuracy: 32.48 %   Syntactic accuracy: 2.97 % 
gram3-comparative:
ACCURACY TOP1: 25.15 %  (335 / 1332)
Total accuracy: 26.64 %   Semantic accuracy: 32.48 %   Syntactic accuracy: 12.56 % 
gram4-superlative:
ACCURACY TOP1: 6.65 %  (66 / 992)
Total accuracy: 24.91 %   Semantic accuracy: 32.48 %   Syntactic accuracy: 11.12 % 
gram5-present-participle:
ACCURACY TOP1: 13.16 %  (139 / 1056)
Total accuracy: 23.92 %   Semantic accuracy: 32.48 %   Syntactic accuracy: 11.54 % 
gram6-nationality-adjective:
ACCURACY TOP1: 61.74 %  (939 / 1521)
Total accuracy: 28.01 %   Semantic accuracy: 32.48 %   Syntactic accuracy: 23.03 % 
gram7-past-tense:
ACCURACY TOP1: 22.31 %  (348 / 1560)
Total accuracy: 27.44 %   Semantic accuracy: 32.48 %   Syntactic accuracy: 22.89 % 
gram8-plural:
ACCURACY TOP1: 31.53 %  (420 / 1332)
Total accuracy: 27.76 %   Semantic accuracy: 32.48 %   Syntactic accuracy: 24.10 % 
gram9-plural-verbs:
ACCURACY TOP1: 10.80 %  (94 / 870)
Total accuracy: 26.94 %   Semantic accuracy: 32.48 %   Syntactic accuracy: 22.99 % 
Questions seen / total: 17827 19544   91.21 % 
