Starting eval...
capital-common-countries:
ACCURACY TOP1: 69.96 %  (354 / 506)
Total accuracy: 69.96 %   Semantic accuracy: 69.96 %   Syntactic accuracy: -nan % 
capital-world:
ACCURACY TOP1: 41.08 %  (1464 / 3564)
Total accuracy: 44.67 %   Semantic accuracy: 44.67 %   Syntactic accuracy: -nan % 
currency:
ACCURACY TOP1: 2.85 %  (17 / 596)
Total accuracy: 39.33 %   Semantic accuracy: 39.33 %   Syntactic accuracy: -nan % 
city-in-state:
ACCURACY TOP1: 42.53 %  (991 / 2330)
Total accuracy: 40.39 %   Semantic accuracy: 40.39 %   Syntactic accuracy: -nan % 
family:
ACCURACY TOP1: 42.14 %  (177 / 420)
Total accuracy: 40.49 %   Semantic accuracy: 40.49 %   Syntactic accuracy: -nan % 
gram1-adjective-to-adverb:
ACCURACY TOP1: 4.23 %  (42 / 992)
Total accuracy: 36.22 %   Semantic accuracy: 40.49 %   Syntactic accuracy: 4.23 % 
gram2-opposite:
ACCURACY TOP1: 4.37 %  (33 / 756)
Total accuracy: 33.59 %   Semantic accuracy: 40.49 %   Syntactic accuracy: 4.29 % 
gram3-comparative:
ACCURACY TOP1: 18.39 %  (245 / 1332)
Total accuracy: 31.66 %   Semantic accuracy: 40.49 %   Syntactic accuracy: 10.39 % 
gram4-superlative:
ACCURACY TOP1: 5.44 %  (54 / 992)
Total accuracy: 29.40 %   Semantic accuracy: 40.49 %   Syntactic accuracy: 9.18 % 
gram5-present-participle:
ACCURACY TOP1: 16.10 %  (170 / 1056)
Total accuracy: 28.28 %   Semantic accuracy: 40.49 %   Syntactic accuracy: 10.61 % 
gram6-nationality-adjective:
ACCURACY TOP1: 63.51 %  (966 / 1521)
Total accuracy: 32.09 %   Semantic accuracy: 40.49 %   Syntactic accuracy: 22.71 % 
gram7-past-tense:
ACCURACY TOP1: 16.09 %  (251 / 1560)
Total accuracy: 30.49 %   Semantic accuracy: 40.49 %   Syntactic accuracy: 21.45 % 
gram8-plural:
ACCURACY TOP1: 43.62 %  (581 / 1332)
Total accuracy: 31.52 %   Semantic accuracy: 40.49 %   Syntactic accuracy: 24.55 % 
gram9-plural-verbs:
ACCURACY TOP1: 8.39 %  (73 / 870)
Total accuracy: 30.39 %   Semantic accuracy: 40.49 %   Syntactic accuracy: 23.20 % 
Questions seen / total: 17827 19544   91.21 % 
