Starting eval...
capital-common-countries:
ACCURACY TOP1: 8.70 %  (44 / 506)
Total accuracy: 8.70 %   Semantic accuracy: 8.70 %   Syntactic accuracy: -nan % 
capital-world:
ACCURACY TOP1: 4.41 %  (157 / 3564)
Total accuracy: 4.94 %   Semantic accuracy: 4.94 %   Syntactic accuracy: -nan % 
currency:
ACCURACY TOP1: 0.50 %  (3 / 596)
Total accuracy: 4.37 %   Semantic accuracy: 4.37 %   Syntactic accuracy: -nan % 
city-in-state:
ACCURACY TOP1: 7.08 %  (165 / 2330)
Total accuracy: 5.27 %   Semantic accuracy: 5.27 %   Syntactic accuracy: -nan % 
family:
ACCURACY TOP1: 9.05 %  (38 / 420)
Total accuracy: 5.49 %   Semantic accuracy: 5.49 %   Syntactic accuracy: -nan % 
gram1-adjective-to-adverb:
ACCURACY TOP1: 2.42 %  (24 / 992)
Total accuracy: 5.13 %   Semantic accuracy: 5.49 %   Syntactic accuracy: 2.42 % 
gram2-opposite:
ACCURACY TOP1: 0.66 %  (5 / 756)
Total accuracy: 4.76 %   Semantic accuracy: 5.49 %   Syntactic accuracy: 1.66 % 
gram3-comparative:
ACCURACY TOP1: 4.88 %  (65 / 1332)
Total accuracy: 4.77 %   Semantic accuracy: 5.49 %   Syntactic accuracy: 3.05 % 
gram4-superlative:
ACCURACY TOP1: 0.71 %  (7 / 992)
Total accuracy: 4.42 %   Semantic accuracy: 5.49 %   Syntactic accuracy: 2.48 % 
gram5-present-participle:
ACCURACY TOP1: 6.72 %  (71 / 1056)
Total accuracy: 4.62 %   Semantic accuracy: 5.49 %   Syntactic accuracy: 3.35 % 
gram6-nationality-adjective:
ACCURACY TOP1: 6.90 %  (105 / 1521)
Total accuracy: 4.86 %   Semantic accuracy: 5.49 %   Syntactic accuracy: 4.17 % 
gram7-past-tense:
ACCURACY TOP1: 5.96 %  (93 / 1560)
Total accuracy: 4.97 %   Semantic accuracy: 5.49 %   Syntactic accuracy: 4.51 % 
gram8-plural:
ACCURACY TOP1: 6.98 %  (93 / 1332)
Total accuracy: 5.13 %   Semantic accuracy: 5.49 %   Syntactic accuracy: 4.85 % 
gram9-plural-verbs:
ACCURACY TOP1: 1.26 %  (11 / 870)
Total accuracy: 4.94 %   Semantic accuracy: 5.49 %   Syntactic accuracy: 4.55 % 
Questions seen / total: 17827 19544   91.21 % 
