Starting eval...
capital-common-countries:
ACCURACY TOP1: 76.68 %  (388 / 506)
Total accuracy: 76.68 %   Semantic accuracy: 76.68 %   Syntactic accuracy: -nan % 
capital-world:
ACCURACY TOP1: 39.79 %  (1418 / 3564)
Total accuracy: 44.37 %   Semantic accuracy: 44.37 %   Syntactic accuracy: -nan % 
currency:
ACCURACY TOP1: 1.17 %  (7 / 596)
Total accuracy: 38.86 %   Semantic accuracy: 38.86 %   Syntactic accuracy: -nan % 
city-in-state:
ACCURACY TOP1: 38.24 %  (891 / 2330)
Total accuracy: 38.65 %   Semantic accuracy: 38.65 %   Syntactic accuracy: -nan % 
family:
ACCURACY TOP1: 45.48 %  (191 / 420)
Total accuracy: 39.04 %   Semantic accuracy: 39.04 %   Syntactic accuracy: -nan % 
gram1-adjective-to-adverb:
ACCURACY TOP1: 3.63 %  (36 / 992)
Total accuracy: 34.86 %   Semantic accuracy: 39.04 %   Syntactic accuracy: 3.63 % 
gram2-opposite:
ACCURACY TOP1: 3.70 %  (28 / 756)
Total accuracy: 32.29 %   Semantic accuracy: 39.04 %   Syntactic accuracy: 3.66 % 
gram3-comparative:
ACCURACY TOP1: 18.47 %  (246 / 1332)
Total accuracy: 30.54 %   Semantic accuracy: 39.04 %   Syntactic accuracy: 10.06 % 
gram4-superlative:
ACCURACY TOP1: 5.95 %  (59 / 992)
Total accuracy: 28.41 %   Semantic accuracy: 39.04 %   Syntactic accuracy: 9.06 % 
gram5-present-participle:
ACCURACY TOP1: 13.16 %  (139 / 1056)
Total accuracy: 27.13 %   Semantic accuracy: 39.04 %   Syntactic accuracy: 9.91 % 
gram6-nationality-adjective:
ACCURACY TOP1: 59.50 %  (905 / 1521)
Total accuracy: 30.63 %   Semantic accuracy: 39.04 %   Syntactic accuracy: 21.25 % 
gram7-past-tense:
ACCURACY TOP1: 15.06 %  (235 / 1560)
Total accuracy: 29.08 %   Semantic accuracy: 39.04 %   Syntactic accuracy: 20.08 % 
gram8-plural:
ACCURACY TOP1: 39.19 %  (522 / 1332)
Total accuracy: 29.87 %   Semantic accuracy: 39.04 %   Syntactic accuracy: 22.74 % 
gram9-plural-verbs:
ACCURACY TOP1: 11.03 %  (96 / 870)
Total accuracy: 28.95 %   Semantic accuracy: 39.04 %   Syntactic accuracy: 21.77 % 
Questions seen / total: 17827 19544   91.21 % 
